[INFO ] 2019-05-14 12:24:39.974 [main] MarineTest - Elemento encontrado: Chubb Latinoamérica - Software de Marine. Página carga correctamente
[FATAL] 2019-05-14 12:24:52.584 [main] MarineTest - Error al hacer login en URL seleccionado.
[FATAL] 2019-05-14 12:24:52.584 [main] MarineTest - Excepción capturada: no such element: Unable to locate element: {"method":"xpath","selector":"//a[@class='Inicio ']"}
  (Session info: chrome=74.0.3729.131)
  (Driver info: chromedriver=74.0.3729.6 (255758eccf3d244491b8a1317aa76e1ce10d57e9-refs/branch-heads/3729@{#29}),platform=Windows NT 6.1.7601 SP1 x86_64) (WARNING: The server did not provide any stacktrace information)
Command duration or timeout: 0 milliseconds
For documentation on this error, please visit: https://www.seleniumhq.org/exceptions/no_such_element.html
Build info: version: '3.141.59', revision: 'e82be7d358', time: '2018-11-14T08:17:03'
System info: host: 'LACOP-ELPT6043', ip: '10.196.66.42', os.name: 'Windows 7', os.arch: 'amd64', os.version: '6.1', java.version: '1.8.0_131'
Driver info: org.openqa.selenium.chrome.ChromeDriver
Capabilities {acceptInsecureCerts: false, acceptSslCerts: false, applicationCacheEnabled: false, browserConnectionEnabled: false, browserName: chrome, chrome: {chromedriverVersion: 74.0.3729.6 (255758eccf3d24..., userDataDir: C:\Users\jahern\AppData\Loc...}, cssSelectorsEnabled: true, databaseEnabled: false, goog:chromeOptions: {debuggerAddress: localhost:65442}, handlesAlerts: true, hasTouchScreen: false, javascriptEnabled: true, locationContextEnabled: true, mobileEmulationEnabled: false, nativeEvents: true, networkConnectionEnabled: false, pageLoadStrategy: normal, platform: XP, platformName: XP, proxy: Proxy(), rotatable: false, setWindowRect: true, strictFileInteractability: false, takesHeapSnapshot: true, takesScreenshot: true, timeouts: {implicit: 0, pageLoad: 300000, script: 30000}, unexpectedAlertBehaviour: ignore, unhandledPromptBehavior: ignore, version: 74.0.3729.131, webStorageEnabled: true}
Session ID: e41e966ee3039472d7b1d63ce26369f5
*** Element info: {Using=xpath, value=//a[@class='Inicio ']}
[INFO ] 2019-05-14 12:27:47.307 [main] MarineTest - Elemento encontrado: Chubb Latinoamérica - Software de Marine. Página carga correctamente
[INFO ] 2019-05-14 12:27:52.345 [main] MarineTest - La prueba supero la fase de login
[INFO ] 2019-05-14 12:44:10.566 [main] MarineTest - Elemento encontrado: Chubb Latinoamérica - Software de Marine. Página carga correctamente
[INFO ] 2019-05-14 12:44:15.562 [main] MarineTest - La prueba supero la fase de login
[INFO ] 2019-05-14 12:49:42.990 [main] MarineTest - Elemento encontrado: Chubb Latinoamérica - Software de Marine. Página carga correctamente
[INFO ] 2019-05-14 12:49:47.980 [main] MarineTest - La prueba supero la fase de login
[INFO ] 2019-05-14 12:51:59.436 [main] MarineTest - Elemento encontrado: Chubb Latinoamérica - Software de Marine. Página carga correctamente
[INFO ] 2019-05-14 12:52:04.423 [main] MarineTest - La prueba supero la fase de login
[INFO ] 2019-05-14 13:00:56.567 [main] MarineTest - Elemento encontrado: Chubb Latinoamérica - Software de Marine. Página carga correctamente
[INFO ] 2019-05-14 13:01:01.680 [main] MarineTest - La prueba supero la fase de login
[INFO ] 2019-05-14 13:03:22.680 [main] MarineTest - Elemento encontrado: Chubb Latinoamérica - Software de Marine. Página carga correctamente
[INFO ] 2019-05-14 13:03:27.571 [main] MarineTest - La prueba supero la fase de login
[INFO ] 2019-05-14 13:04:12.893 [main] MarineTest - Elemento encontrado: Chubb Latinoamérica - Software de Marine. Página carga correctamente
[INFO ] 2019-05-14 13:04:17.815 [main] MarineTest - La prueba supero la fase de login
[INFO ] 2019-05-14 13:07:25.578 [main] MarineTest - Elemento encontrado: Chubb Latinoamérica - Software de Marine. Página carga correctamente
[INFO ] 2019-05-14 13:07:30.320 [main] MarineTest - La prueba supero la fase de login
[INFO ] 2019-05-14 13:10:29.662 [main] MarineTest - Elemento encontrado: Chubb Latinoamérica - Software de Marine. Página carga correctamente
[INFO ] 2019-05-14 13:10:34.360 [main] MarineTest - La prueba supero la fase de login
[INFO ] 2019-05-14 13:12:35.278 [main] MarineTest - Elemento encontrado: Chubb Latinoamérica - Software de Marine. Página carga correctamente
[INFO ] 2019-05-14 13:12:40.067 [main] MarineTest - La prueba supero la fase de login
[INFO ] 2019-05-14 13:14:21.424 [main] MarineTest - Elemento encontrado: Chubb Latinoamérica - Software de Marine. Página carga correctamente
[INFO ] 2019-05-14 13:14:26.513 [main] MarineTest - La prueba supero la fase de login
[INFO ] 2019-05-14 13:19:24.902 [main] MarineTest - Elemento encontrado: Chubb Latinoamérica - Software de Marine. Página carga correctamente
[INFO ] 2019-05-14 13:19:29.915 [main] MarineTest - La prueba supero la fase de login
[INFO ] 2019-05-14 13:24:18.038 [main] MarineTest - Elemento encontrado: Chubb Latinoamérica - Software de Marine. Página carga correctamente
[INFO ] 2019-05-14 13:24:22.903 [main] MarineTest - La prueba supero la fase de login
[INFO ] 2019-05-14 13:24:33.088 [main] MarineTest - Módulo de Consulta funcionando correctamente.
[INFO ] 2019-05-14 13:31:12.577 [main] MarineTest - Elemento encontrado: Chubb Latinoamérica - Software de Marine. Página carga correctamente
[INFO ] 2019-05-14 13:31:17.694 [main] MarineTest - La prueba supero la fase de login
[INFO ] 2019-05-14 13:31:28.012 [main] MarineTest - Módulo de Consulta funcionando correctamente.
[INFO ] 2019-05-14 13:33:17.123 [main] MarineTest - Elemento encontrado: Chubb Latinoamérica - Software de Marine. Página carga correctamente
[INFO ] 2019-05-14 13:33:22.010 [main] MarineTest - La prueba supero la fase de login
[INFO ] 2019-05-14 13:35:47.420 [main] MarineTest - Elemento encontrado: Chubb Latinoamérica - Software de Marine. Página carga correctamente
[INFO ] 2019-05-14 13:35:52.280 [main] MarineTest - La prueba supero la fase de login
[FATAL] 2019-05-14 13:36:01.565 [main] MarineTest - Póliza no encontrada.
[INFO ] 2019-05-14 13:36:37.035 [main] MarineTest - Elemento encontrado: Chubb Latinoamérica - Software de Marine. Página carga correctamente
[INFO ] 2019-05-14 13:36:41.776 [main] MarineTest - La prueba supero la fase de login
[FATAL] 2019-05-14 13:36:51.051 [main] MarineTest - Póliza no encontrada.
[INFO ] 2019-05-14 13:37:35.379 [main] MarineTest - Elemento encontrado: Chubb Latinoamérica - Software de Marine. Página carga correctamente
[INFO ] 2019-05-14 13:37:40.177 [main] MarineTest - La prueba supero la fase de login
[FATAL] 2019-05-14 13:37:49.420 [main] MarineTest - Excepcion: Póliza no encontrada.
[INFO ] 2019-05-14 13:38:36.122 [main] MarineTest - Elemento encontrado: Chubb Latinoamérica - Software de Marine. Página carga correctamente
[INFO ] 2019-05-14 13:38:40.810 [main] MarineTest - La prueba supero la fase de login
[FATAL] 2019-05-14 13:38:50.208 [main] MarineTest - Excepcion: Póliza no encontrada.
[INFO ] 2019-05-14 15:43:16.962 [main] MarineTest - Elemento encontrado: Chubb Latinoamérica - Software de Marine. Página carga correctamente
[INFO ] 2019-05-14 15:43:22.525 [main] MarineTest - La prueba supero la fase de login
[FATAL] 2019-05-14 15:43:32.352 [main] MarineTest - Excepcion: Póliza no encontrada.
[INFO ] 2019-05-14 15:44:41.662 [main] MarineTest - Elemento encontrado: Chubb Latinoamérica - Software de Marine. Página carga correctamente
[INFO ] 2019-05-14 15:44:46.784 [main] MarineTest - La prueba supero la fase de login
[FATAL] 2019-05-14 15:44:56.522 [main] MarineTest - Excepcion: Póliza no encontrada.
[INFO ] 2019-05-14 15:46:33.910 [main] MarineTest - Elemento encontrado: Chubb Latinoamérica - Software de Marine. Página carga correctamente
[INFO ] 2019-05-14 15:46:38.517 [main] MarineTest - La prueba supero la fase de login
[FATAL] 2019-05-14 15:46:47.714 [main] MarineTest - Excepcion: Póliza no encontrada.
